<?xml version="1.0" encoding="UTF-8"?>
<!-- Generated by org.testng.reporters.JUnitReportReporter -->
<testsuite hostname="5CG1418K49" failures="0" tests="2" name="learn2.WayToCreatePostRequest" time="1.451" errors="0" timestamp="2024-02-08T18:48:32 IST" skipped="0">
  <testcase classname="learn2.WayToCreatePostRequest" name="testPostUsingExternalFile" time="1.409"/>
  <system-out/>
  <testcase classname="learn2.WayToCreatePostRequest" name="deleteExternalFilePostRequestData" time="0.042"/>
  <system-out/>
</testsuite> <!-- learn2.WayToCreatePostRequest -->
