<?xml version="1.0" encoding="UTF-8"?>
<!-- Generated by org.testng.reporters.JUnitReportReporter -->
<testsuite hostname="5CG1418K49" failures="0" tests="4" name="learn1.HTTPRequest" time="4.147" errors="0" timestamp="2024-02-08T14:55:59 IST" skipped="0">
  <testcase classname="learn1.HTTPRequest" name="getUsers" time="2.241"/>
  <system-out/>
  <testcase classname="learn1.HTTPRequest" name="createUser" time="0.877"/>
  <system-out/>
  <testcase classname="learn1.HTTPRequest" name="updateUser" time="0.516"/>
  <system-out/>
  <testcase classname="learn1.HTTPRequest" name="deleteUser" time="0.513"/>
  <system-out/>
</testsuite> <!-- learn1.HTTPRequest -->
